{"C:\\Users\\logonrmlocal\\Documents\\FIAPAula3-main\\src\\screens\\Institutional\\index.tsx": {"path":"C:\\Users\\logonrmlocal\\Documents\\FIAPAula3-main\\src\\screens\\Institutional\\index.tsx","statementMap":{"0":{"start":{"line":5,"column":2},"end":{"line":10,"column":4}}},"fnMap":{"0":{"name":"Institutional","decl":{"start":{"line":4,"column":24},"end":{"line":4,"column":37}},"loc":{"start":{"line":4,"column":40},"end":{"line":11,"column":1}},"line":4}},"branchMap":{},"s":{"0":3},"f":{"0":3},"b":{},"_coverageSchema":"1a1c01bbd47fc00a2c39e90264f33305004495a9","hash":"36ffe8b641b632734f801bfc5ec251658063b380"}
}
